<?xml version="1.0" encoding="UTF-8"?>
<testsuite name="PantryPalTest.VoiceInputTest" tests="1" skipped="0" failures="0" errors="0" timestamp="2023-11-08T21:54:04" hostname="HENRYZZZ" time="0.523">
  <properties/>
  <testcase name="testGPT()" classname="PantryPalTest.VoiceInputTest" time="0.523"/>
  <system-out><![CDATA[]]></system-out>
  <system-err><![CDATA[]]></system-err>
</testsuite>
